<?xml version="1.0" encoding="UTF-8"?>
<!-- Generated by org.testng.reporters.JUnitXMLReporter -->
<testsuite hostname="deepasarathy" failures="0" tests="1" name="TestIOS" time="302.055" errors="0" timestamp="23 May 2019 12:11:32 GMT">
  <testcase classname="com.experitest.auto.IOSDemoTest" name="@BeforeMethod setUp" time="0.0">
    <failure type="com.experitest.client.InternalException" message="The method lockDeviceForExecution failed with error: &amp;apos;Cannot lock device for execution. Test name: IOSDemoTest Search device query: @os=&amp;apos;ios&amp;apos;Details: No devices were found that match the query: @os=&amp;apos;ios&amp;apos;&amp;apos;">
      <![CDATA[com.experitest.client.InternalException: The method lockDeviceForExecution failed with error: 'Cannot lock device for execution. Test name: IOSDemoTest Search device query: @os='ios'Details: No devices were found that match the query: @os='ios''
	at com.experitest.client.GridClient.lockDeviceForExecution(GridClient.java:419)
	at com.experitest.client.GridClient.lockDeviceForExecution(GridClient.java:229)
	at com.experitest.auto.BaseTest.init(BaseTest.java:36)
	at com.experitest.auto.IOSDemoTest.setUp(IOSDemoTest.java:12)
	at java.base/java.util.concurrent.FutureTask.run(FutureTask.java:264)
	at java.base/java.util.concurrent.ThreadPoolExecutor.runWorker(ThreadPoolExecutor.java:1128)
	at java.base/java.util.concurrent.ThreadPoolExecutor$Worker.run(ThreadPoolExecutor.java:628)
	at java.base/java.lang.Thread.run(Thread.java:835)
... Removed 18 stack frames]]>
    </failure>
  </testcase> <!-- @BeforeMethod setUp -->
  <testcase classname="com.experitest.auto.IOSDemoTest" name="@AfterMethod tearDown" time="0.0">
    <skipped/>
  </testcase> <!-- @AfterMethod tearDown -->
  <testcase classname="com.experitest.auto.IOSDemoTest" name="test" time="0.001">
    <skipped/>
  </testcase> <!-- test -->
</testsuite> <!-- TestIOS -->
