<?xml version="1.0" encoding="UTF-8"?>
<testng-results total="1" passed="1" failed="0" skipped="0">
  <reporter-output>
  </reporter-output>
  <suite started-at="2019-05-25T18:55:54Z" name="Default suite" finished-at="2019-05-25T18:56:18Z" duration-ms="23618">
    <groups>
    </groups>
    <test started-at="2019-05-25T18:55:54Z" name="Default test" finished-at="2019-05-25T18:56:18Z" duration-ms="23618">
      <class name="com.experitest.auto.PickerWheelMover">
        <test-method is-config="true" signature="setUp()[pri:0, instance:com.experitest.auto.PickerWheelMover@4b44655e]" started-at="2019-05-26T00:25:54Z" name="setUp" finished-at="2019-05-26T00:25:59Z" duration-ms="4423" status="PASS">
          <reporter-output>
          </reporter-output>
        </test-method> <!-- setUp -->
        <test-method signature="testPickerWheel()[pri:0, instance:com.experitest.auto.PickerWheelMover@4b44655e]" started-at="2019-05-26T00:25:59Z" name="testPickerWheel" finished-at="2019-05-26T00:26:15Z" duration-ms="16348" status="PASS">
          <reporter-output>
          </reporter-output>
        </test-method> <!-- testPickerWheel -->
        <test-method is-config="true" signature="tearDown()[pri:0, instance:com.experitest.auto.PickerWheelMover@4b44655e]" started-at="2019-05-26T00:26:15Z" name="tearDown" finished-at="2019-05-26T00:26:18Z" duration-ms="2805" status="PASS">
          <reporter-output>
          </reporter-output>
        </test-method> <!-- tearDown -->
      </class> <!-- com.experitest.auto.PickerWheelMover -->
    </test> <!-- Default test -->
  </suite> <!-- Default suite -->
</testng-results>
