<?xml version="1.0" encoding="UTF-8"?>
<testng-results total="1" passed="1" failed="0" skipped="0">
  <reporter-output>
  </reporter-output>
  <suite started-at="2019-05-23T21:28:46Z" name="Default suite" finished-at="2019-05-23T21:29:05Z" duration-ms="18812">
    <groups>
    </groups>
    <test started-at="2019-05-23T21:28:46Z" name="Default test" finished-at="2019-05-23T21:29:05Z" duration-ms="18812">
      <class name="com.experitest.auto.ContactListSort">
        <test-method is-config="true" signature="setUp()[pri:0, instance:com.experitest.auto.ContactListSort@2aa3cd93]" started-at="2019-05-24T02:58:46Z" name="setUp" finished-at="2019-05-24T02:58:50Z" duration-ms="3816" status="PASS">
          <reporter-output>
          </reporter-output>
        </test-method> <!-- setUp -->
        <test-method signature="testUntitled()[pri:0, instance:com.experitest.auto.ContactListSort@2aa3cd93]" started-at="2019-05-24T02:58:50Z" name="testUntitled" finished-at="2019-05-24T02:59:01Z" duration-ms="10977" status="PASS">
          <reporter-output>
          </reporter-output>
        </test-method> <!-- testUntitled -->
        <test-method is-config="true" signature="tearDown()[pri:0, instance:com.experitest.auto.ContactListSort@2aa3cd93]" started-at="2019-05-24T02:59:01Z" name="tearDown" finished-at="2019-05-24T02:59:05Z" duration-ms="3989" status="PASS">
          <reporter-output>
          </reporter-output>
        </test-method> <!-- tearDown -->
      </class> <!-- com.experitest.auto.ContactListSort -->
    </test> <!-- Default test -->
  </suite> <!-- Default suite -->
</testng-results>
