<?xml version="1.0" encoding="UTF-8"?>
<testng-results total="1" passed="1" failed="0" skipped="0">
  <reporter-output>
  </reporter-output>
  <suite started-at="2019-05-23T20:10:47Z" name="Default suite" finished-at="2019-05-23T20:11:31Z" duration-ms="44041">
    <groups>
    </groups>
    <test started-at="2019-05-23T20:10:47Z" name="Default test" finished-at="2019-05-23T20:11:31Z" duration-ms="44041">
      <class name="com.experitest.auto.PickerWheel">
        <test-method is-config="true" signature="setUp()[pri:0, instance:com.experitest.auto.PickerWheel@4b44655e]" started-at="2019-05-24T01:40:47Z" name="setUp" finished-at="2019-05-24T01:40:50Z" duration-ms="3362" status="PASS">
          <reporter-output>
          </reporter-output>
        </test-method> <!-- setUp -->
        <test-method signature="testUntitled()[pri:0, instance:com.experitest.auto.PickerWheel@4b44655e]" started-at="2019-05-24T01:40:50Z" name="testUntitled" finished-at="2019-05-24T01:41:27Z" duration-ms="36640" status="PASS">
          <reporter-output>
          </reporter-output>
        </test-method> <!-- testUntitled -->
        <test-method is-config="true" signature="tearDown()[pri:0, instance:com.experitest.auto.PickerWheel@4b44655e]" started-at="2019-05-24T01:41:27Z" name="tearDown" finished-at="2019-05-24T01:41:31Z" duration-ms="4005" status="PASS">
          <reporter-output>
          </reporter-output>
        </test-method> <!-- tearDown -->
      </class> <!-- com.experitest.auto.PickerWheel -->
    </test> <!-- Default test -->
  </suite> <!-- Default suite -->
</testng-results>
